[ 2017-05-16T14:11:15+08:00 ] 127.0.0.1 /index.php/Home/Map/abc/10000/
INFO: [ app_begin ] --START--
INFO: Run Behavior\ReadHtmlCacheBehavior [ RunTime:0.002929s ]
INFO: [ app_begin ] --END-- [ RunTime:0.003657s ]
SQL: SHOW COLUMNS FROM `js_user` [ RunTime:0.0124s ]
NOTIC: [8192] Function split() is deprecated D:\wamp\www\project\js\Application\Home\Controller\MapController.class.php 第 56 行.
ERR: SQLSTATE[42000]: Syntax error or access violation: 1064 You have an error in your SQL syntax; check the manual that corresponds to your MySQL server version for the right syntax to use near ')' at line 1

[ 2017-05-16T14:11:16+08:00 ] 127.0.0.1 /index.php/Home/Map/abc/10000/
INFO: [ app_begin ] --START--
INFO: Run Behavior\ReadHtmlCacheBehavior [ RunTime:0.000851s ]
INFO: [ app_begin ] --END-- [ RunTime:0.001485s ]
SQL: SHOW COLUMNS FROM `js_user` [ RunTime:0.0089s ]
NOTIC: [8192] Function split() is deprecated D:\wamp\www\project\js\Application\Home\Controller\MapController.class.php 第 56 行.
ERR: SQLSTATE[42000]: Syntax error or access violation: 1064 You have an error in your SQL syntax; check the manual that corresponds to your MySQL server version for the right syntax to use near ')' at line 1

[ 2017-05-16T14:11:20+08:00 ] 127.0.0.1 /index.php/Home/Map/abc/10000/
INFO: [ app_begin ] --START--
INFO: Run Behavior\ReadHtmlCacheBehavior [ RunTime:0.000717s ]
INFO: [ app_begin ] --END-- [ RunTime:0.001363s ]
SQL: SHOW COLUMNS FROM `js_user` [ RunTime:0.0084s ]
NOTIC: [8192] Function split() is deprecated D:\wamp\www\project\js\Application\Home\Controller\MapController.class.php 第 56 行.
ERR: SQLSTATE[42000]: Syntax error or access violation: 1064 You have an error in your SQL syntax; check the manual that corresponds to your MySQL server version for the right syntax to use near ')' at line 1

[ 2017-05-16T14:11:44+08:00 ] 127.0.0.1 /index.php/Home/Map/abc/10000/
INFO: [ app_begin ] --START--
INFO: Run Behavior\ReadHtmlCacheBehavior [ RunTime:0.000903s ]
INFO: [ app_begin ] --END-- [ RunTime:0.001802s ]
SQL: SHOW COLUMNS FROM `js_user` [ RunTime:0.0086s ]
NOTIC: [8192] Function split() is deprecated D:\wamp\www\project\js\Application\Home\Controller\MapController.class.php 第 56 行.
SQL: SELECT `uid` FROM `js_user` WHERE ( upid = 10000 )  [ RunTime:0.0006s ]
SQL: SELECT count(*) as count FROM `js_user` WHERE ( upid = 10000 )  [ RunTime:0.0008s ]
SQL: SELECT `uid`,`uname`,`umember_name` FROM `js_user` WHERE ( uid = 10000 ) LIMIT 1   [ RunTime:0.0004s ]
SQL: SELECT `uid`,`uname`,`umember_name` FROM `js_user` WHERE ( uid = 11312 ) LIMIT 1   [ RunTime:0.0003s ]
SQL: SELECT `uid`,`uname`,`umember_name` FROM `js_user` WHERE ( uid = 15984 ) LIMIT 1   [ RunTime:0.0003s ]
SQL: SELECT `uid`,`uname`,`umember_name` FROM `js_user` WHERE ( uid = 20001 ) LIMIT 1   [ RunTime:0.0003s ]
SQL: SELECT `uid`,`uname`,`umember_name` FROM `js_user` WHERE ( uid = 20002 ) LIMIT 1   [ RunTime:0.0005s ]
SQL: SELECT `uid`,`uname`,`umember_name` FROM `js_user` WHERE ( uid = 20003 ) LIMIT 1   [ RunTime:0.0010s ]

[ 2017-05-16T14:21:33+08:00 ] 127.0.0.1 /index.php/Home/Map/abc/10000/
INFO: [ app_begin ] --START--
INFO: Run Behavior\ReadHtmlCacheBehavior [ RunTime:0.000965s ]
INFO: [ app_begin ] --END-- [ RunTime:0.001644s ]
SQL: SHOW COLUMNS FROM `js_user` [ RunTime:0.0089s ]
NOTIC: [8192] Function split() is deprecated D:\wamp\www\project\js\Application\Home\Controller\MapController.class.php 第 56 行.
SQL: SELECT `uid` FROM `js_user` WHERE ( upid = 10000 )  [ RunTime:0.0006s ]
SQL: SELECT count(*) as count FROM `js_user` WHERE ( upid = 10000 )  [ RunTime:0.0003s ]
SQL: SELECT `uid`,`uname`,`umember_name` FROM `js_user` WHERE ( uid = 10000 ) LIMIT 1   [ RunTime:0.0004s ]
SQL: SELECT `uid`,`uname`,`umember_name` FROM `js_user` WHERE ( uid = 11312 ) LIMIT 1   [ RunTime:0.0004s ]
SQL: SELECT `uid`,`uname`,`umember_name` FROM `js_user` WHERE ( uid = 15984 ) LIMIT 1   [ RunTime:0.0005s ]
SQL: SELECT `uid`,`uname`,`umember_name` FROM `js_user` WHERE ( uid = 20001 ) LIMIT 1   [ RunTime:0.0005s ]
SQL: SELECT `uid`,`uname`,`umember_name` FROM `js_user` WHERE ( uid = 20002 ) LIMIT 1   [ RunTime:0.0005s ]
SQL: SELECT `uid`,`uname`,`umember_name` FROM `js_user` WHERE ( uid = 20003 ) LIMIT 1   [ RunTime:0.0004s ]

[ 2017-05-16T14:22:21+08:00 ] 127.0.0.1 /index.php/Home/Map/abc/10000/
INFO: [ app_begin ] --START--
INFO: Run Behavior\ReadHtmlCacheBehavior [ RunTime:0.001223s ]
INFO: [ app_begin ] --END-- [ RunTime:0.001948s ]
SQL: SHOW COLUMNS FROM `js_user` [ RunTime:0.0096s ]
NOTIC: [8192] Function split() is deprecated D:\wamp\www\project\js\Application\Home\Controller\MapController.class.php 第 56 行.
SQL: SELECT `uid` FROM `js_user` WHERE ( upid = 10000 )  [ RunTime:0.0004s ]
SQL: SELECT count(*) as count FROM `js_user` WHERE ( upid = 10000 )  [ RunTime:0.0003s ]
SQL: SELECT `uid`,`uname`,`umember_name` FROM `js_user` WHERE ( uid = 10000 ) LIMIT 1   [ RunTime:0.0003s ]
SQL: SELECT `uid`,`uname`,`umember_name` FROM `js_user` WHERE ( uid = 11312 ) LIMIT 1   [ RunTime:0.0003s ]
SQL: SELECT `uid`,`uname`,`umember_name` FROM `js_user` WHERE ( uid = 15984 ) LIMIT 1   [ RunTime:0.0003s ]
SQL: SELECT `uid`,`uname`,`umember_name` FROM `js_user` WHERE ( uid = 20001 ) LIMIT 1   [ RunTime:0.0003s ]
SQL: SELECT `uid`,`uname`,`umember_name` FROM `js_user` WHERE ( uid = 20002 ) LIMIT 1   [ RunTime:0.0003s ]
SQL: SELECT `uid`,`uname`,`umember_name` FROM `js_user` WHERE ( uid = 20003 ) LIMIT 1   [ RunTime:0.0003s ]

