[ 2017-05-15T19:31:03+08:00 ] 127.0.0.1 /index.php/Admin/css/style.css
ERR: 无法加载控制器:Css

[ 2017-05-15T19:31:44+08:00 ] 127.0.0.1 /index.php/Admin/css/style.css
ERR: 无法加载控制器:Css

[ 2017-05-15T23:21:00+08:00 ] 127.0.0.1 /index.php/Admin/Map/index.php/Admin/Map/abc/15984
INFO: [ app_begin ] --START--
INFO: Run Behavior\ReadHtmlCacheBehavior [ RunTime:0.000684s ]
INFO: [ app_begin ] --END-- [ RunTime:0.001288s ]
ERR: 非法操作:index.php

[ 2017-05-15T23:21:02+08:00 ] 127.0.0.1 /index.php/Admin/Map/index.php/Admin/Map/abc/15984
INFO: [ app_begin ] --START--
INFO: Run Behavior\ReadHtmlCacheBehavior [ RunTime:0.001210s ]
INFO: [ app_begin ] --END-- [ RunTime:0.002045s ]
ERR: 非法操作:index.php

[ 2017-05-15T23:21:02+08:00 ] 127.0.0.1 /index.php/Admin/Map/index.php/Admin/Map/abc/15984
INFO: [ app_begin ] --START--
INFO: Run Behavior\ReadHtmlCacheBehavior [ RunTime:0.001407s ]
INFO: [ app_begin ] --END-- [ RunTime:0.003267s ]
ERR: 非法操作:index.php

[ 2017-05-15T23:21:03+08:00 ] 127.0.0.1 /index.php/Admin/Map/index.php/Admin/Map/abc/20001
INFO: [ app_begin ] --START--
INFO: Run Behavior\ReadHtmlCacheBehavior [ RunTime:0.001052s ]
INFO: [ app_begin ] --END-- [ RunTime:0.001840s ]
ERR: 非法操作:index.php

[ 2017-05-15T23:21:04+08:00 ] 127.0.0.1 /index.php/Admin/Map/index.php/Admin/Map/abc/20001
INFO: [ app_begin ] --START--
INFO: Run Behavior\ReadHtmlCacheBehavior [ RunTime:0.001271s ]
INFO: [ app_begin ] --END-- [ RunTime:0.002541s ]
ERR: 非法操作:index.php

[ 2017-05-15T23:21:05+08:00 ] 127.0.0.1 /index.php/Admin/Map/index.php/Admin/Map/abc/20002
INFO: [ app_begin ] --START--
INFO: Run Behavior\ReadHtmlCacheBehavior [ RunTime:0.000680s ]
INFO: [ app_begin ] --END-- [ RunTime:0.001214s ]
ERR: 非法操作:index.php

[ 2017-05-15T23:21:05+08:00 ] 127.0.0.1 /index.php/Admin/Map/index.php/Admin/Map/abc/20002
INFO: [ app_begin ] --START--
INFO: Run Behavior\ReadHtmlCacheBehavior [ RunTime:0.001022s ]
INFO: [ app_begin ] --END-- [ RunTime:0.001828s ]
ERR: 非法操作:index.php

[ 2017-05-15T23:21:05+08:00 ] 127.0.0.1 /index.php/Admin/Map/index.php/Admin/Map/abc/20002
INFO: [ app_begin ] --START--
INFO: Run Behavior\ReadHtmlCacheBehavior [ RunTime:0.000733s ]
INFO: [ app_begin ] --END-- [ RunTime:0.001556s ]
ERR: 非法操作:index.php

[ 2017-05-15T23:21:05+08:00 ] 127.0.0.1 /index.php/Admin/Map/index.php/Admin/Map/abc/20002
INFO: [ app_begin ] --START--
INFO: Run Behavior\ReadHtmlCacheBehavior [ RunTime:0.001014s ]
INFO: [ app_begin ] --END-- [ RunTime:0.001954s ]
ERR: 非法操作:index.php

[ 2017-05-15T23:21:05+08:00 ] 127.0.0.1 /index.php/Admin/Map/index.php/Admin/Map/abc/20002
INFO: [ app_begin ] --START--
INFO: Run Behavior\ReadHtmlCacheBehavior [ RunTime:0.001129s ]
INFO: [ app_begin ] --END-- [ RunTime:0.001905s ]
ERR: 非法操作:index.php

[ 2017-05-15T23:21:06+08:00 ] 127.0.0.1 /index.php/Admin/Map/index.php/Admin/Map/abc/20002
INFO: [ app_begin ] --START--
INFO: Run Behavior\ReadHtmlCacheBehavior [ RunTime:0.001066s ]
INFO: [ app_begin ] --END-- [ RunTime:0.001747s ]
ERR: 非法操作:index.php

[ 2017-05-15T23:21:06+08:00 ] 127.0.0.1 /index.php/Admin/Map/index.php/Admin/Map/abc/20002
INFO: [ app_begin ] --START--
INFO: Run Behavior\ReadHtmlCacheBehavior [ RunTime:0.002102s ]
INFO: [ app_begin ] --END-- [ RunTime:0.003259s ]
ERR: 非法操作:index.php

[ 2017-05-15T23:21:08+08:00 ] 127.0.0.1 /index.php/Admin/Map/index.php/Admin/Map/abc/20002
INFO: [ app_begin ] --START--
INFO: Run Behavior\ReadHtmlCacheBehavior [ RunTime:0.001050s ]
INFO: [ app_begin ] --END-- [ RunTime:0.002734s ]
ERR: 非法操作:index.php

[ 2017-05-15T23:21:10+08:00 ] 127.0.0.1 /index.php/Admin/Map/index.php/Admin/Map/abc/20002
INFO: [ app_begin ] --START--
INFO: Run Behavior\ReadHtmlCacheBehavior [ RunTime:0.000978s ]
INFO: [ app_begin ] --END-- [ RunTime:0.001841s ]
ERR: 非法操作:index.php

[ 2017-05-15T23:21:12+08:00 ] 127.0.0.1 /index.php/Admin/Map/index.php/Admin/Map/abc/20002
INFO: [ app_begin ] --START--
INFO: Run Behavior\ReadHtmlCacheBehavior [ RunTime:0.000976s ]
INFO: [ app_begin ] --END-- [ RunTime:0.001917s ]
ERR: 非法操作:index.php

[ 2017-05-15T23:21:20+08:00 ] 127.0.0.1 /index.php/Admin/Map/index.php/Admin/Map/abc/20002
INFO: [ app_begin ] --START--
INFO: Run Behavior\ReadHtmlCacheBehavior [ RunTime:0.001562s ]
INFO: [ app_begin ] --END-- [ RunTime:0.002366s ]
ERR: 非法操作:index.php

[ 2017-05-15T23:21:46+08:00 ] 127.0.0.1 /index.php/Admin/Map/index.php/Admin/Map/abc/20001
INFO: [ app_begin ] --START--
INFO: Run Behavior\ReadHtmlCacheBehavior [ RunTime:0.001202s ]
INFO: [ app_begin ] --END-- [ RunTime:0.002161s ]
ERR: 非法操作:index.php

[ 2017-05-15T23:21:47+08:00 ] 127.0.0.1 /index.php/Admin/Map/index.php/Admin/Map/abc/20001
INFO: [ app_begin ] --START--
INFO: Run Behavior\ReadHtmlCacheBehavior [ RunTime:0.001342s ]
INFO: [ app_begin ] --END-- [ RunTime:0.002303s ]
ERR: 非法操作:index.php

[ 2017-05-15T23:21:47+08:00 ] 127.0.0.1 /index.php/Admin/Map/index.php/Admin/Map/abc/20001
INFO: [ app_begin ] --START--
INFO: Run Behavior\ReadHtmlCacheBehavior [ RunTime:0.001117s ]
INFO: [ app_begin ] --END-- [ RunTime:0.002254s ]
ERR: 非法操作:index.php

[ 2017-05-15T23:21:48+08:00 ] 127.0.0.1 /index.php/Admin/Map/index.php/Admin/Map/abc/20001
INFO: [ app_begin ] --START--
INFO: Run Behavior\ReadHtmlCacheBehavior [ RunTime:0.001111s ]
INFO: [ app_begin ] --END-- [ RunTime:0.002034s ]
ERR: 非法操作:index.php

[ 2017-05-15T23:21:48+08:00 ] 127.0.0.1 /index.php/Admin/Map/index.php/Admin/Map/abc/20001
INFO: [ app_begin ] --START--
INFO: Run Behavior\ReadHtmlCacheBehavior [ RunTime:0.001206s ]
INFO: [ app_begin ] --END-- [ RunTime:0.002140s ]
ERR: 非法操作:index.php

[ 2017-05-15T23:21:49+08:00 ] 127.0.0.1 /index.php/Admin/Map/index.php/Admin/Map/abc/20001
INFO: [ app_begin ] --START--
INFO: Run Behavior\ReadHtmlCacheBehavior [ RunTime:0.001548s ]
INFO: [ app_begin ] --END-- [ RunTime:0.002728s ]
ERR: 非法操作:index.php

[ 2017-05-15T23:21:49+08:00 ] 127.0.0.1 /index.php/Admin/Map/index.php/Admin/Map/abc/20001
INFO: [ app_begin ] --START--
INFO: Run Behavior\ReadHtmlCacheBehavior [ RunTime:0.001538s ]
INFO: [ app_begin ] --END-- [ RunTime:0.002428s ]
ERR: 非法操作:index.php

[ 2017-05-15T23:21:50+08:00 ] 127.0.0.1 /index.php/Admin/Map/index.php/Admin/Map/abc/20001
INFO: [ app_begin ] --START--
INFO: Run Behavior\ReadHtmlCacheBehavior [ RunTime:0.001302s ]
INFO: [ app_begin ] --END-- [ RunTime:0.002275s ]
ERR: 非法操作:index.php

[ 2017-05-15T23:21:50+08:00 ] 127.0.0.1 /index.php/Admin/Map/index.php/Admin/Map/abc/20001
INFO: [ app_begin ] --START--
INFO: Run Behavior\ReadHtmlCacheBehavior [ RunTime:0.001169s ]
INFO: [ app_begin ] --END-- [ RunTime:0.001841s ]
ERR: 非法操作:index.php

[ 2017-05-15T23:21:51+08:00 ] 127.0.0.1 /index.php/Admin/Map/index.php/Admin/Map/abc/20001
INFO: [ app_begin ] --START--
INFO: Run Behavior\ReadHtmlCacheBehavior [ RunTime:0.001315s ]
INFO: [ app_begin ] --END-- [ RunTime:0.002336s ]
ERR: 非法操作:index.php

[ 2017-05-15T23:22:25+08:00 ] 127.0.0.1 /index.php/Admin/Map/index.php/Admin/Map/abc/20001
INFO: [ app_begin ] --START--
INFO: Run Behavior\ReadHtmlCacheBehavior [ RunTime:0.000989s ]
INFO: [ app_begin ] --END-- [ RunTime:0.001917s ]
ERR: 非法操作:index.php

[ 2017-05-15T23:22:25+08:00 ] 127.0.0.1 /index.php/Admin/Map/index.php/Admin/Map/abc/20001
INFO: [ app_begin ] --START--
INFO: Run Behavior\ReadHtmlCacheBehavior [ RunTime:0.001216s ]
INFO: [ app_begin ] --END-- [ RunTime:0.002133s ]
ERR: 非法操作:index.php

[ 2017-05-15T23:22:26+08:00 ] 127.0.0.1 /index.php/Admin/Map/index.php/Admin/Map/abc/20001
INFO: [ app_begin ] --START--
INFO: Run Behavior\ReadHtmlCacheBehavior [ RunTime:0.001175s ]
INFO: [ app_begin ] --END-- [ RunTime:0.001993s ]
ERR: 非法操作:index.php

[ 2017-05-15T23:22:26+08:00 ] 127.0.0.1 /index.php/Admin/Map/index.php/Admin/Map/abc/20001
INFO: [ app_begin ] --START--
INFO: Run Behavior\ReadHtmlCacheBehavior [ RunTime:0.001051s ]
INFO: [ app_begin ] --END-- [ RunTime:0.001906s ]
ERR: 非法操作:index.php

[ 2017-05-15T23:22:27+08:00 ] 127.0.0.1 /index.php/Admin/Map/index.php/Admin/Map/abc/20001
INFO: [ app_begin ] --START--
INFO: Run Behavior\ReadHtmlCacheBehavior [ RunTime:0.003406s ]
INFO: [ app_begin ] --END-- [ RunTime:0.005088s ]
ERR: 非法操作:index.php

[ 2017-05-15T23:25:28+08:00 ] 127.0.0.1 /index.php/Admin/Map/index.php/Admin/Map/abc/15984
INFO: [ app_begin ] --START--
INFO: Run Behavior\ReadHtmlCacheBehavior [ RunTime:0.001252s ]
INFO: [ app_begin ] --END-- [ RunTime:0.002178s ]
ERR: 非法操作:index.php

[ 2017-05-15T23:25:29+08:00 ] 127.0.0.1 /index.php/Admin/Map/index.php/Admin/Map/abc/11312
INFO: [ app_begin ] --START--
INFO: Run Behavior\ReadHtmlCacheBehavior [ RunTime:0.001229s ]
INFO: [ app_begin ] --END-- [ RunTime:0.001997s ]
ERR: 非法操作:index.php

[ 2017-05-15T23:25:29+08:00 ] 127.0.0.1 /index.php/Admin/Map/index.php/Admin/Map/abc/11312
INFO: [ app_begin ] --START--
INFO: Run Behavior\ReadHtmlCacheBehavior [ RunTime:0.001076s ]
INFO: [ app_begin ] --END-- [ RunTime:0.001971s ]
ERR: 非法操作:index.php

[ 2017-05-15T23:25:31+08:00 ] 127.0.0.1 /index.php/Admin/Map/index.php/Admin/Map/abc/20001
INFO: [ app_begin ] --START--
INFO: Run Behavior\ReadHtmlCacheBehavior [ RunTime:0.001413s ]
INFO: [ app_begin ] --END-- [ RunTime:0.004961s ]
ERR: 非法操作:index.php

[ 2017-05-15T23:25:31+08:00 ] 127.0.0.1 /index.php/Admin/Map/index.php/Admin/Map/abc/20001
INFO: [ app_begin ] --START--
INFO: Run Behavior\ReadHtmlCacheBehavior [ RunTime:0.001510s ]
INFO: [ app_begin ] --END-- [ RunTime:0.002506s ]
ERR: 非法操作:index.php

[ 2017-05-15T23:25:32+08:00 ] 127.0.0.1 /index.php/Admin/Map/index.php/Admin/Map/abc/20002
INFO: [ app_begin ] --START--
INFO: Run Behavior\ReadHtmlCacheBehavior [ RunTime:0.001432s ]
INFO: [ app_begin ] --END-- [ RunTime:0.002313s ]
ERR: 非法操作:index.php

[ 2017-05-15T23:25:32+08:00 ] 127.0.0.1 /index.php/Admin/Map/index.php/Admin/Map/abc/20002
INFO: [ app_begin ] --START--
INFO: Run Behavior\ReadHtmlCacheBehavior [ RunTime:0.001363s ]
INFO: [ app_begin ] --END-- [ RunTime:0.002581s ]
ERR: 非法操作:index.php

[ 2017-05-15T23:25:32+08:00 ] 127.0.0.1 /index.php/Admin/Map/index.php/Admin/Map/abc/20002
INFO: [ app_begin ] --START--
INFO: Run Behavior\ReadHtmlCacheBehavior [ RunTime:0.000999s ]
INFO: [ app_begin ] --END-- [ RunTime:0.001718s ]
ERR: 非法操作:index.php

[ 2017-05-15T23:25:33+08:00 ] 127.0.0.1 /index.php/Admin/Map/index.php/Admin/Map/abc/20003
INFO: [ app_begin ] --START--
INFO: Run Behavior\ReadHtmlCacheBehavior [ RunTime:0.001312s ]
INFO: [ app_begin ] --END-- [ RunTime:0.002531s ]
ERR: 非法操作:index.php

[ 2017-05-15T23:25:33+08:00 ] 127.0.0.1 /index.php/Admin/Map/index.php/Admin/Map/abc/20003
INFO: [ app_begin ] --START--
INFO: Run Behavior\ReadHtmlCacheBehavior [ RunTime:0.001122s ]
INFO: [ app_begin ] --END-- [ RunTime:0.001962s ]
ERR: 非法操作:index.php

[ 2017-05-15T23:25:33+08:00 ] 127.0.0.1 /index.php/Admin/Map/index.php/Admin/Map/abc/20003
INFO: [ app_begin ] --START--
INFO: Run Behavior\ReadHtmlCacheBehavior [ RunTime:0.001351s ]
INFO: [ app_begin ] --END-- [ RunTime:0.002464s ]
ERR: 非法操作:index.php

[ 2017-05-15T23:25:35+08:00 ] 127.0.0.1 /index.php/Admin/Map/index.php/Admin/Map/abc/11312
INFO: [ app_begin ] --START--
INFO: Run Behavior\ReadHtmlCacheBehavior [ RunTime:0.001154s ]
INFO: [ app_begin ] --END-- [ RunTime:0.002338s ]
ERR: 非法操作:index.php

[ 2017-05-15T23:25:36+08:00 ] 127.0.0.1 /index.php/Admin/Map/index.php/Admin/Map/abc/11312
INFO: [ app_begin ] --START--
INFO: Run Behavior\ReadHtmlCacheBehavior [ RunTime:0.001097s ]
INFO: [ app_begin ] --END-- [ RunTime:0.001948s ]
ERR: 非法操作:index.php

[ 2017-05-15T23:25:37+08:00 ] 127.0.0.1 /index.php/Admin/Map/index.php/Admin/Map/abc/15984
INFO: [ app_begin ] --START--
INFO: Run Behavior\ReadHtmlCacheBehavior [ RunTime:0.001189s ]
INFO: [ app_begin ] --END-- [ RunTime:0.002400s ]
ERR: 非法操作:index.php

[ 2017-05-15T23:25:37+08:00 ] 127.0.0.1 /index.php/Admin/Map/index.php/Admin/Map/abc/15984
INFO: [ app_begin ] --START--
INFO: Run Behavior\ReadHtmlCacheBehavior [ RunTime:0.001174s ]
INFO: [ app_begin ] --END-- [ RunTime:0.002285s ]
ERR: 非法操作:index.php

[ 2017-05-15T23:29:55+08:00 ] 127.0.0.1 /index.php/Admin/Map/index.php/Admin/Map/abc/15984
INFO: [ app_begin ] --START--
INFO: Run Behavior\ReadHtmlCacheBehavior [ RunTime:0.000946s ]
INFO: [ app_begin ] --END-- [ RunTime:0.001736s ]
ERR: 非法操作:index.php

[ 2017-05-15T23:29:55+08:00 ] 127.0.0.1 /index.php/Admin/Map/index.php/Admin/Map/abc/15984
INFO: [ app_begin ] --START--
INFO: Run Behavior\ReadHtmlCacheBehavior [ RunTime:0.001160s ]
INFO: [ app_begin ] --END-- [ RunTime:0.002055s ]
ERR: 非法操作:index.php

[ 2017-05-15T23:29:56+08:00 ] 127.0.0.1 /index.php/Admin/Map/index.php/Admin/Map/abc/15984
INFO: [ app_begin ] --START--
INFO: Run Behavior\ReadHtmlCacheBehavior [ RunTime:0.001387s ]
INFO: [ app_begin ] --END-- [ RunTime:0.002578s ]
ERR: 非法操作:index.php

[ 2017-05-15T23:29:56+08:00 ] 127.0.0.1 /index.php/Admin/Map/index.php/Admin/Map/abc/15984
INFO: [ app_begin ] --START--
INFO: Run Behavior\ReadHtmlCacheBehavior [ RunTime:0.001708s ]
INFO: [ app_begin ] --END-- [ RunTime:0.002931s ]
ERR: 非法操作:index.php

[ 2017-05-15T23:29:56+08:00 ] 127.0.0.1 /index.php/Admin/Map/index.php/Admin/Map/abc/15984
INFO: [ app_begin ] --START--
INFO: Run Behavior\ReadHtmlCacheBehavior [ RunTime:0.001103s ]
INFO: [ app_begin ] --END-- [ RunTime:0.001959s ]
ERR: 非法操作:index.php

[ 2017-05-15T23:29:56+08:00 ] 127.0.0.1 /index.php/Admin/Map/index.php/Admin/Map/abc/15984
INFO: [ app_begin ] --START--
INFO: Run Behavior\ReadHtmlCacheBehavior [ RunTime:0.000679s ]
INFO: [ app_begin ] --END-- [ RunTime:0.001333s ]
ERR: 非法操作:index.php

[ 2017-05-15T23:29:56+08:00 ] 127.0.0.1 /index.php/Admin/Map/index.php/Admin/Map/abc/15984
INFO: [ app_begin ] --START--
INFO: Run Behavior\ReadHtmlCacheBehavior [ RunTime:0.001379s ]
INFO: [ app_begin ] --END-- [ RunTime:0.002580s ]
ERR: 非法操作:index.php

[ 2017-05-15T23:29:56+08:00 ] 127.0.0.1 /index.php/Admin/Map/index.php/Admin/Map/abc/15984
INFO: [ app_begin ] --START--
INFO: Run Behavior\ReadHtmlCacheBehavior [ RunTime:0.001491s ]
INFO: [ app_begin ] --END-- [ RunTime:0.002387s ]
ERR: 非法操作:index.php

[ 2017-05-15T23:29:57+08:00 ] 127.0.0.1 /index.php/Admin/Map/index.php/Admin/Map/abc/15984
INFO: [ app_begin ] --START--
INFO: Run Behavior\ReadHtmlCacheBehavior [ RunTime:0.001056s ]
INFO: [ app_begin ] --END-- [ RunTime:0.002128s ]
ERR: 非法操作:index.php

[ 2017-05-15T23:37:35+08:00 ] 127.0.0.1 /index.php/Admin/Map/index.php/Admin/Map/abc/15984
INFO: [ app_begin ] --START--
INFO: Run Behavior\ReadHtmlCacheBehavior [ RunTime:0.001182s ]
INFO: [ app_begin ] --END-- [ RunTime:0.002058s ]
ERR: 非法操作:index.php

[ 2017-05-15T23:37:36+08:00 ] 127.0.0.1 /index.php/Admin/Map/index.php/Admin/Map/abc/15984
INFO: [ app_begin ] --START--
INFO: Run Behavior\ReadHtmlCacheBehavior [ RunTime:0.000990s ]
INFO: [ app_begin ] --END-- [ RunTime:0.002618s ]
ERR: 非法操作:index.php

[ 2017-05-15T23:37:36+08:00 ] 127.0.0.1 /index.php/Admin/Map/index.php/Admin/Map/abc/15984
INFO: [ app_begin ] --START--
INFO: Run Behavior\ReadHtmlCacheBehavior [ RunTime:0.001196s ]
INFO: [ app_begin ] --END-- [ RunTime:0.002310s ]
ERR: 非法操作:index.php

[ 2017-05-15T23:37:37+08:00 ] 127.0.0.1 /index.php/Admin/Map/index.php/Admin/Map/abc/11312
INFO: [ app_begin ] --START--
INFO: Run Behavior\ReadHtmlCacheBehavior [ RunTime:0.001039s ]
INFO: [ app_begin ] --END-- [ RunTime:0.001861s ]
ERR: 非法操作:index.php

[ 2017-05-15T23:37:38+08:00 ] 127.0.0.1 /index.php/Admin/Map/index.php/Admin/Map/abc/11312
INFO: [ app_begin ] --START--
INFO: Run Behavior\ReadHtmlCacheBehavior [ RunTime:0.000898s ]
INFO: [ app_begin ] --END-- [ RunTime:0.001737s ]
ERR: 非法操作:index.php

[ 2017-05-15T23:37:38+08:00 ] 127.0.0.1 /index.php/Admin/Map/index.php/Admin/Map/abc/11312
INFO: [ app_begin ] --START--
INFO: Run Behavior\ReadHtmlCacheBehavior [ RunTime:0.001350s ]
INFO: [ app_begin ] --END-- [ RunTime:0.002329s ]
ERR: 非法操作:index.php

[ 2017-05-15T23:37:39+08:00 ] 127.0.0.1 /index.php/Admin/Map/index.php/Admin/Map/abc/20001
INFO: [ app_begin ] --START--
INFO: Run Behavior\ReadHtmlCacheBehavior [ RunTime:0.000953s ]
INFO: [ app_begin ] --END-- [ RunTime:0.001762s ]
ERR: 非法操作:index.php

[ 2017-05-15T23:37:40+08:00 ] 127.0.0.1 /index.php/Admin/Map/index.php/Admin/Map/abc/20001
INFO: [ app_begin ] --START--
INFO: Run Behavior\ReadHtmlCacheBehavior [ RunTime:0.001334s ]
INFO: [ app_begin ] --END-- [ RunTime:0.002342s ]
ERR: 非法操作:index.php

[ 2017-05-15T23:37:40+08:00 ] 127.0.0.1 /index.php/Admin/Map/index.php/Admin/Map/abc/20001
INFO: [ app_begin ] --START--
INFO: Run Behavior\ReadHtmlCacheBehavior [ RunTime:0.001628s ]
INFO: [ app_begin ] --END-- [ RunTime:0.002537s ]
ERR: 非法操作:index.php

[ 2017-05-15T23:37:40+08:00 ] 127.0.0.1 /index.php/Admin/Map/index.php/Admin/Map/abc/20002
INFO: [ app_begin ] --START--
INFO: Run Behavior\ReadHtmlCacheBehavior [ RunTime:0.000770s ]
INFO: [ app_begin ] --END-- [ RunTime:0.001425s ]
ERR: 非法操作:index.php

[ 2017-05-15T23:37:41+08:00 ] 127.0.0.1 /index.php/Admin/Map/index.php/Admin/Map/abc/20002
INFO: [ app_begin ] --START--
INFO: Run Behavior\ReadHtmlCacheBehavior [ RunTime:0.000669s ]
INFO: [ app_begin ] --END-- [ RunTime:0.001185s ]
ERR: 非法操作:index.php

[ 2017-05-15T23:37:41+08:00 ] 127.0.0.1 /index.php/Admin/Map/index.php/Admin/Map/abc/20002
INFO: [ app_begin ] --START--
INFO: Run Behavior\ReadHtmlCacheBehavior [ RunTime:0.001274s ]
INFO: [ app_begin ] --END-- [ RunTime:0.002302s ]
ERR: 非法操作:index.php

[ 2017-05-15T23:37:41+08:00 ] 127.0.0.1 /index.php/Admin/Map/index.php/Admin/Map/abc/20002
INFO: [ app_begin ] --START--
INFO: Run Behavior\ReadHtmlCacheBehavior [ RunTime:0.001101s ]
INFO: [ app_begin ] --END-- [ RunTime:0.001977s ]
ERR: 非法操作:index.php

[ 2017-05-15T23:37:43+08:00 ] 127.0.0.1 /index.php/Admin/Map/index.php/Admin/Map/abc/20003
INFO: [ app_begin ] --START--
INFO: Run Behavior\ReadHtmlCacheBehavior [ RunTime:0.001089s ]
INFO: [ app_begin ] --END-- [ RunTime:0.001881s ]
ERR: 非法操作:index.php

[ 2017-05-15T23:37:43+08:00 ] 127.0.0.1 /index.php/Admin/Map/index.php/Admin/Map/abc/20003
INFO: [ app_begin ] --START--
INFO: Run Behavior\ReadHtmlCacheBehavior [ RunTime:0.001069s ]
INFO: [ app_begin ] --END-- [ RunTime:0.002198s ]
ERR: 非法操作:index.php

[ 2017-05-15T23:37:52+08:00 ] 127.0.0.1 /index.php/Admin/Map/index.php/Admin/Map/abc/20001
INFO: [ app_begin ] --START--
INFO: Run Behavior\ReadHtmlCacheBehavior [ RunTime:0.000875s ]
INFO: [ app_begin ] --END-- [ RunTime:0.004460s ]
ERR: 非法操作:index.php

[ 2017-05-15T23:37:52+08:00 ] 127.0.0.1 /index.php/Admin/Map/index.php/Admin/Map/abc/20001
INFO: [ app_begin ] --START--
INFO: Run Behavior\ReadHtmlCacheBehavior [ RunTime:0.001270s ]
INFO: [ app_begin ] --END-- [ RunTime:0.002479s ]
ERR: 非法操作:index.php

[ 2017-05-15T23:37:53+08:00 ] 127.0.0.1 /index.php/Admin/Map/index.php/Admin/Map/abc/20001
INFO: [ app_begin ] --START--
INFO: Run Behavior\ReadHtmlCacheBehavior [ RunTime:0.001713s ]
INFO: [ app_begin ] --END-- [ RunTime:0.002840s ]
ERR: 非法操作:index.php

[ 2017-05-15T23:39:24+08:00 ] 127.0.0.1 /index.php/Admin/Map/index.php/Admin/Map/abc/20001
INFO: [ app_begin ] --START--
INFO: Run Behavior\ReadHtmlCacheBehavior [ RunTime:0.001213s ]
INFO: [ app_begin ] --END-- [ RunTime:0.002116s ]
ERR: 非法操作:index.php

[ 2017-05-15T23:39:25+08:00 ] 127.0.0.1 /index.php/Admin/Map/index.php/Admin/Map/abc/20001
INFO: [ app_begin ] --START--
INFO: Run Behavior\ReadHtmlCacheBehavior [ RunTime:0.001103s ]
INFO: [ app_begin ] --END-- [ RunTime:0.001903s ]
ERR: 非法操作:index.php

[ 2017-05-15T23:39:25+08:00 ] 127.0.0.1 /index.php/Admin/Map/index.php/Admin/Map/abc/20001
INFO: [ app_begin ] --START--
INFO: Run Behavior\ReadHtmlCacheBehavior [ RunTime:0.002157s ]
INFO: [ app_begin ] --END-- [ RunTime:0.003272s ]
ERR: 非法操作:index.php

[ 2017-05-15T23:42:18+08:00 ] 127.0.0.1 /index.php/Admin/Map/index.php/Admin/Map/abc/1
INFO: [ app_begin ] --START--
INFO: Run Behavior\ReadHtmlCacheBehavior [ RunTime:0.001068s ]
INFO: [ app_begin ] --END-- [ RunTime:0.002104s ]
ERR: 非法操作:index.php

[ 2017-05-15T23:42:18+08:00 ] 127.0.0.1 /index.php/Admin/Map/index.php/Admin/Map/abc/1
INFO: [ app_begin ] --START--
INFO: Run Behavior\ReadHtmlCacheBehavior [ RunTime:0.000598s ]
INFO: [ app_begin ] --END-- [ RunTime:0.001098s ]
ERR: 非法操作:index.php

[ 2017-05-15T23:42:19+08:00 ] 127.0.0.1 /index.php/Admin/Map/index.php/Admin/Map/abc/1
INFO: [ app_begin ] --START--
INFO: Run Behavior\ReadHtmlCacheBehavior [ RunTime:0.001537s ]
INFO: [ app_begin ] --END-- [ RunTime:0.002527s ]
ERR: 非法操作:index.php

[ 2017-05-15T23:42:19+08:00 ] 127.0.0.1 /index.php/Admin/Map/index.php/Admin/Map/abc/1
INFO: [ app_begin ] --START--
INFO: Run Behavior\ReadHtmlCacheBehavior [ RunTime:0.001033s ]
INFO: [ app_begin ] --END-- [ RunTime:0.001910s ]
ERR: 非法操作:index.php

[ 2017-05-15T23:42:19+08:00 ] 127.0.0.1 /index.php/Admin/Map/index.php/Admin/Map/abc/1
INFO: [ app_begin ] --START--
INFO: Run Behavior\ReadHtmlCacheBehavior [ RunTime:0.002708s ]
INFO: [ app_begin ] --END-- [ RunTime:0.005577s ]
ERR: 非法操作:index.php

[ 2017-05-15T23:42:20+08:00 ] 127.0.0.1 /index.php/Admin/Map/index.php/Admin/Map/abc/1
INFO: [ app_begin ] --START--
INFO: Run Behavior\ReadHtmlCacheBehavior [ RunTime:0.001623s ]
INFO: [ app_begin ] --END-- [ RunTime:0.003040s ]
ERR: 非法操作:index.php

[ 2017-05-15T23:42:20+08:00 ] 127.0.0.1 /index.php/Admin/Map/index.php/Admin/Map/abc/1
INFO: [ app_begin ] --START--
INFO: Run Behavior\ReadHtmlCacheBehavior [ RunTime:0.001127s ]
INFO: [ app_begin ] --END-- [ RunTime:0.003104s ]
ERR: 非法操作:index.php

[ 2017-05-15T23:42:20+08:00 ] 127.0.0.1 /index.php/Admin/Map/index.php/Admin/Map/abc/1
INFO: [ app_begin ] --START--
INFO: Run Behavior\ReadHtmlCacheBehavior [ RunTime:0.001351s ]
INFO: [ app_begin ] --END-- [ RunTime:0.002238s ]
ERR: 非法操作:index.php

[ 2017-05-15T23:42:20+08:00 ] 127.0.0.1 /index.php/Admin/Map/index.php/Admin/Map/abc/1
INFO: [ app_begin ] --START--
INFO: Run Behavior\ReadHtmlCacheBehavior [ RunTime:0.000927s ]
INFO: [ app_begin ] --END-- [ RunTime:0.001868s ]
ERR: 非法操作:index.php

[ 2017-05-15T23:42:20+08:00 ] 127.0.0.1 /index.php/Admin/Map/index.php/Admin/Map/abc/1
INFO: [ app_begin ] --START--
INFO: Run Behavior\ReadHtmlCacheBehavior [ RunTime:0.003148s ]
INFO: [ app_begin ] --END-- [ RunTime:0.004574s ]
ERR: 非法操作:index.php

[ 2017-05-15T23:42:21+08:00 ] 127.0.0.1 /index.php/Admin/Map/index.php/Admin/Map/abc/1
INFO: [ app_begin ] --START--
INFO: Run Behavior\ReadHtmlCacheBehavior [ RunTime:0.001091s ]
INFO: [ app_begin ] --END-- [ RunTime:0.001873s ]
ERR: 非法操作:index.php

[ 2017-05-15T23:42:21+08:00 ] 127.0.0.1 /index.php/Admin/Map/index.php/Admin/Map/abc/1
INFO: [ app_begin ] --START--
INFO: Run Behavior\ReadHtmlCacheBehavior [ RunTime:0.002302s ]
INFO: [ app_begin ] --END-- [ RunTime:0.003430s ]
ERR: 非法操作:index.php

[ 2017-05-15T23:42:22+08:00 ] 127.0.0.1 /index.php/Admin/Map/index.php/Admin/Map/abc/1
INFO: [ app_begin ] --START--
INFO: Run Behavior\ReadHtmlCacheBehavior [ RunTime:0.001382s ]
INFO: [ app_begin ] --END-- [ RunTime:0.002337s ]
ERR: 非法操作:index.php

[ 2017-05-15T23:42:22+08:00 ] 127.0.0.1 /index.php/Admin/Map/index.php/Admin/Map/abc/1
INFO: [ app_begin ] --START--
INFO: Run Behavior\ReadHtmlCacheBehavior [ RunTime:0.001075s ]
INFO: [ app_begin ] --END-- [ RunTime:0.001997s ]
ERR: 非法操作:index.php

[ 2017-05-15T23:42:22+08:00 ] 127.0.0.1 /index.php/Admin/Map/index.php/Admin/Map/abc/1
INFO: [ app_begin ] --START--
INFO: Run Behavior\ReadHtmlCacheBehavior [ RunTime:0.000747s ]
INFO: [ app_begin ] --END-- [ RunTime:0.001373s ]
ERR: 非法操作:index.php

[ 2017-05-15T23:42:22+08:00 ] 127.0.0.1 /index.php/Admin/Map/index.php/Admin/Map/abc/1
INFO: [ app_begin ] --START--
INFO: Run Behavior\ReadHtmlCacheBehavior [ RunTime:0.000908s ]
INFO: [ app_begin ] --END-- [ RunTime:0.001611s ]
ERR: 非法操作:index.php

[ 2017-05-15T23:42:23+08:00 ] 127.0.0.1 /index.php/Admin/Map/index.php/Admin/Map/abc/1
INFO: [ app_begin ] --START--
INFO: Run Behavior\ReadHtmlCacheBehavior [ RunTime:0.000879s ]
INFO: [ app_begin ] --END-- [ RunTime:0.001489s ]
ERR: 非法操作:index.php

[ 2017-05-15T23:42:23+08:00 ] 127.0.0.1 /index.php/Admin/Map/index.php/Admin/Map/abc/1
INFO: [ app_begin ] --START--
INFO: Run Behavior\ReadHtmlCacheBehavior [ RunTime:0.002645s ]
INFO: [ app_begin ] --END-- [ RunTime:0.004011s ]
ERR: 非法操作:index.php

[ 2017-05-15T23:42:33+08:00 ] 127.0.0.1 /index.php/Admin/Map/index.php/Admin/Map/abc/1
INFO: [ app_begin ] --START--
INFO: Run Behavior\ReadHtmlCacheBehavior [ RunTime:0.000969s ]
INFO: [ app_begin ] --END-- [ RunTime:0.001893s ]
ERR: 非法操作:index.php

[ 2017-05-15T23:42:35+08:00 ] 127.0.0.1 /index.php/Admin/Map/index.php/Admin/Map/abc/1
INFO: [ app_begin ] --START--
INFO: Run Behavior\ReadHtmlCacheBehavior [ RunTime:0.001145s ]
INFO: [ app_begin ] --END-- [ RunTime:0.002019s ]
ERR: 非法操作:index.php

[ 2017-05-15T23:42:35+08:00 ] 127.0.0.1 /index.php/Admin/Map/index.php/Admin/Map/abc/1
INFO: [ app_begin ] --START--
INFO: Run Behavior\ReadHtmlCacheBehavior [ RunTime:0.001169s ]
INFO: [ app_begin ] --END-- [ RunTime:0.003902s ]
ERR: 非法操作:index.php

[ 2017-05-15T23:42:45+08:00 ] 127.0.0.1 /index.php/Admin/Map/index.php/Admin/Map/abc/1
INFO: [ app_begin ] --START--
INFO: Run Behavior\ReadHtmlCacheBehavior [ RunTime:0.001264s ]
INFO: [ app_begin ] --END-- [ RunTime:0.002719s ]
ERR: 非法操作:index.php

[ 2017-05-15T23:42:46+08:00 ] 127.0.0.1 /index.php/Admin/Map/index.php/Admin/Map/abc/1
INFO: [ app_begin ] --START--
INFO: Run Behavior\ReadHtmlCacheBehavior [ RunTime:0.001737s ]
INFO: [ app_begin ] --END-- [ RunTime:0.002968s ]
ERR: 非法操作:index.php

[ 2017-05-15T23:43:04+08:00 ] 127.0.0.1 /index.php/Admin/Map/index.php/Admin/Map/abc/1
INFO: [ app_begin ] --START--
INFO: Run Behavior\ReadHtmlCacheBehavior [ RunTime:0.001132s ]
INFO: [ app_begin ] --END-- [ RunTime:0.001891s ]
ERR: 非法操作:index.php

[ 2017-05-15T23:43:06+08:00 ] 127.0.0.1 /index.php/Admin/Map/index.php/Admin/Map/abc/1
INFO: [ app_begin ] --START--
INFO: Run Behavior\ReadHtmlCacheBehavior [ RunTime:0.001033s ]
INFO: [ app_begin ] --END-- [ RunTime:0.001881s ]
ERR: 非法操作:index.php

[ 2017-05-15T23:43:21+08:00 ] 127.0.0.1 /index.php/Admin/Map/index.php/Admin/Map/abc/1
INFO: [ app_begin ] --START--
INFO: Run Behavior\ReadHtmlCacheBehavior [ RunTime:0.001061s ]
INFO: [ app_begin ] --END-- [ RunTime:0.004455s ]
ERR: 非法操作:index.php

[ 2017-05-15T23:43:22+08:00 ] 127.0.0.1 /index.php/Admin/Map/index.php/Admin/Map/abc/1
INFO: [ app_begin ] --START--
INFO: Run Behavior\ReadHtmlCacheBehavior [ RunTime:0.002568s ]
INFO: [ app_begin ] --END-- [ RunTime:0.003527s ]
ERR: 非法操作:index.php

[ 2017-05-15T23:49:54+08:00 ] 127.0.0.1 /index.php/Admin/Map/index.php/Admin/Map/abc/15984
ERR: 非法操作:index.php

[ 2017-05-15T23:50:43+08:00 ] 127.0.0.1 /index.php/Admin/Map/index.php/Admin/Map/abc/1
INFO: [ app_begin ] --START--
INFO: Run Behavior\ReadHtmlCacheBehavior [ RunTime:0.000697s ]
INFO: [ app_begin ] --END-- [ RunTime:0.001230s ]
ERR: 非法操作:index.php

[ 2017-05-15T23:51:24+08:00 ] 127.0.0.1 /index.php/Admin/Map/index.php/Admin/Map/abc/1
INFO: [ app_begin ] --START--
INFO: Run Behavior\ReadHtmlCacheBehavior [ RunTime:0.000752s ]
INFO: [ app_begin ] --END-- [ RunTime:0.001334s ]
ERR: 非法操作:index.php

[ 2017-05-15T23:51:55+08:00 ] 127.0.0.1 /index.php/Admin/Map/index.php/Admin/Map/abc/1
INFO: [ app_begin ] --START--
INFO: Run Behavior\ReadHtmlCacheBehavior [ RunTime:0.001584s ]
INFO: [ app_begin ] --END-- [ RunTime:0.002781s ]
ERR: 非法操作:index.php

[ 2017-05-15T23:52:03+08:00 ] 127.0.0.1 /index.php/Admin/Map/index.php/Admin/Map/abc/10000
INFO: [ app_begin ] --START--
INFO: Run Behavior\ReadHtmlCacheBehavior [ RunTime:0.000706s ]
INFO: [ app_begin ] --END-- [ RunTime:0.001281s ]
ERR: 非法操作:index.php

[ 2017-05-15T23:53:41+08:00 ] 127.0.0.1 /index.php/Admin/Map/index.php/Admin/Map/abc/10000
INFO: [ app_begin ] --START--
INFO: Run Behavior\ReadHtmlCacheBehavior [ RunTime:0.001378s ]
INFO: [ app_begin ] --END-- [ RunTime:0.002333s ]
ERR: 非法操作:index.php

[ 2017-05-15T23:55:05+08:00 ] 127.0.0.1 /index.php/Admin/Map/abc/10000
INFO: [ app_begin ] --START--
INFO: Run Behavior\ReadHtmlCacheBehavior [ RunTime:0.001345s ]
INFO: [ app_begin ] --END-- [ RunTime:0.004741s ]
NOTIC: [8192] Function split() is deprecated D:\wamp\www\project\js\Application\Admin\Controller\MapController.class.php 第 25 行.

[ 2017-05-15T23:55:17+08:00 ] 127.0.0.1 /index.php/Admin/Map/abc/10000
INFO: [ app_begin ] --START--
INFO: Run Behavior\ReadHtmlCacheBehavior [ RunTime:0.001082s ]
INFO: [ app_begin ] --END-- [ RunTime:0.001843s ]
NOTIC: [8192] Function split() is deprecated D:\wamp\www\project\js\Application\Admin\Controller\MapController.class.php 第 25 行.

[ 2017-05-15T23:55:56+08:00 ] 127.0.0.1 /index.php/Admin/Map/abc/10000
INFO: [ app_begin ] --START--
INFO: Run Behavior\ReadHtmlCacheBehavior [ RunTime:0.001241s ]
INFO: [ app_begin ] --END-- [ RunTime:0.002192s ]
NOTIC: [8192] Function split() is deprecated D:\wamp\www\project\js\Application\Admin\Controller\MapController.class.php 第 25 行.
NOTIC: [8] Undefined variable: model D:\wamp\www\project\js\Application\Admin\Controller\MapController.class.php 第 19 行.

[ 2017-05-15T23:57:29+08:00 ] 127.0.0.1 /index.php/Admin/Map/abc/10000
INFO: [ app_begin ] --START--
INFO: Run Behavior\ReadHtmlCacheBehavior [ RunTime:0.001330s ]
INFO: [ app_begin ] --END-- [ RunTime:0.003229s ]
NOTIC: [8192] Function split() is deprecated D:\wamp\www\project\js\Application\Admin\Controller\MapController.class.php 第 25 行.
NOTIC: [8] Undefined variable: model D:\wamp\www\project\js\Application\Admin\Controller\MapController.class.php 第 19 行.

[ 2017-05-15T23:57:31+08:00 ] 127.0.0.1 /index.php/Admin/Map/abc/10000
INFO: [ app_begin ] --START--
INFO: Run Behavior\ReadHtmlCacheBehavior [ RunTime:0.001432s ]
INFO: [ app_begin ] --END-- [ RunTime:0.002303s ]
NOTIC: [8192] Function split() is deprecated D:\wamp\www\project\js\Application\Admin\Controller\MapController.class.php 第 25 行.
NOTIC: [8] Undefined variable: model D:\wamp\www\project\js\Application\Admin\Controller\MapController.class.php 第 19 行.

[ 2017-05-15T23:57:32+08:00 ] 127.0.0.1 /index.php/Admin/Map/abc/10000
INFO: [ app_begin ] --START--
INFO: Run Behavior\ReadHtmlCacheBehavior [ RunTime:0.001262s ]
INFO: [ app_begin ] --END-- [ RunTime:0.002292s ]
NOTIC: [8192] Function split() is deprecated D:\wamp\www\project\js\Application\Admin\Controller\MapController.class.php 第 25 行.
NOTIC: [8] Undefined variable: model D:\wamp\www\project\js\Application\Admin\Controller\MapController.class.php 第 19 行.

[ 2017-05-15T23:57:33+08:00 ] 127.0.0.1 /index.php/Admin/Map/abc/10000
INFO: [ app_begin ] --START--
INFO: Run Behavior\ReadHtmlCacheBehavior [ RunTime:0.001071s ]
INFO: [ app_begin ] --END-- [ RunTime:0.002127s ]
NOTIC: [8192] Function split() is deprecated D:\wamp\www\project\js\Application\Admin\Controller\MapController.class.php 第 25 行.
NOTIC: [8] Undefined variable: model D:\wamp\www\project\js\Application\Admin\Controller\MapController.class.php 第 19 行.

[ 2017-05-15T23:57:33+08:00 ] 127.0.0.1 /index.php/Admin/Map/abc/10000
INFO: [ app_begin ] --START--
INFO: Run Behavior\ReadHtmlCacheBehavior [ RunTime:0.001095s ]
INFO: [ app_begin ] --END-- [ RunTime:0.001944s ]
NOTIC: [8192] Function split() is deprecated D:\wamp\www\project\js\Application\Admin\Controller\MapController.class.php 第 25 行.
NOTIC: [8] Undefined variable: model D:\wamp\www\project\js\Application\Admin\Controller\MapController.class.php 第 19 行.

[ 2017-05-15T23:59:19+08:00 ] 127.0.0.1 /index.php/Admin/Map/abc/10000
INFO: [ app_begin ] --START--
INFO: Run Behavior\ReadHtmlCacheBehavior [ RunTime:0.001460s ]
INFO: [ app_begin ] --END-- [ RunTime:0.003178s ]
NOTIC: [8192] Function split() is deprecated D:\wamp\www\project\js\Application\Admin\Controller\MapController.class.php 第 25 行.
NOTIC: [8] Undefined variable: model D:\wamp\www\project\js\Application\Admin\Controller\MapController.class.php 第 19 行.

