[ 2017-05-06T21:17:06+08:00 ] 127.0.0.1 /index.php/Admin/Index/index
INFO: [ app_init ] --START--
INFO: Run Behavior\BuildLiteBehavior [ RunTime:0.000017s ]
INFO: [ app_init ] --END-- [ RunTime:0.000851s ]
INFO: [ app_begin ] --START--
INFO: Run Behavior\ReadHtmlCacheBehavior [ RunTime:0.001071s ]
INFO: [ app_begin ] --END-- [ RunTime:0.001146s ]
INFO: [ view_parse ] --START--
INFO: [ template_filter ] --START--
INFO: Run Behavior\ContentReplaceBehavior [ RunTime:0.000137s ]
INFO: [ template_filter ] --END-- [ RunTime:0.000204s ]
INFO: Run Behavior\ParseTemplateBehavior [ RunTime:0.142980s ]
INFO: [ view_parse ] --END-- [ RunTime:0.143087s ]
INFO: [ view_filter ] --START--
INFO: Run Behavior\WriteHtmlCacheBehavior [ RunTime:0.012964s ]
INFO: [ view_filter ] --END-- [ RunTime:0.013054s ]
INFO: [ app_end ] --START--
INFO: Run Behavior\ShowPageTraceBehavior [ RunTime:0.006487s ]
INFO: [ app_end ] --END-- [ RunTime:0.006612s ]

[ 2017-05-06T21:17:13+08:00 ] 127.0.0.1 /index.php/Admin/Index/main.html
INFO: [ app_init ] --START--
INFO: Run Behavior\BuildLiteBehavior [ RunTime:0.000024s ]
INFO: [ app_init ] --END-- [ RunTime:0.001141s ]
INFO: [ app_begin ] --START--
INFO: Run Behavior\ReadHtmlCacheBehavior [ RunTime:0.000960s ]
INFO: [ app_begin ] --END-- [ RunTime:0.001063s ]
INFO: [ view_parse ] --START--
INFO: [ template_filter ] --START--
INFO: Run Behavior\ContentReplaceBehavior [ RunTime:0.000052s ]
INFO: [ template_filter ] --END-- [ RunTime:0.000124s ]
INFO: Run Behavior\ParseTemplateBehavior [ RunTime:0.038911s ]
INFO: [ view_parse ] --END-- [ RunTime:0.039042s ]
INFO: [ view_filter ] --START--
INFO: Run Behavior\WriteHtmlCacheBehavior [ RunTime:0.000589s ]
INFO: [ view_filter ] --END-- [ RunTime:0.000666s ]
INFO: [ app_end ] --START--
INFO: Run Behavior\ShowPageTraceBehavior [ RunTime:0.000752s ]
INFO: [ app_end ] --END-- [ RunTime:0.000815s ]

[ 2017-05-06T21:17:18+08:00 ] 127.0.0.1 /index.php/Admin/Calculate/calculate.html
INFO: [ app_init ] --START--
INFO: Run Behavior\BuildLiteBehavior [ RunTime:0.000023s ]
INFO: [ app_init ] --END-- [ RunTime:0.000613s ]
INFO: [ app_begin ] --START--
INFO: Run Behavior\ReadHtmlCacheBehavior [ RunTime:0.000678s ]
INFO: [ app_begin ] --END-- [ RunTime:0.000776s ]
SQL: SHOW COLUMNS FROM `js_bonus` [ RunTime:0.0079s ]
ERR: SQLSTATE[42S22]: Column not found: 1054 Unknown column 'tr_finish' in 'where clause'

[ 2017-05-06T21:18:05+08:00 ] 127.0.0.1 /index.php/Admin/Calculate/calculate.html
INFO: [ app_init ] --START--
INFO: Run Behavior\BuildLiteBehavior [ RunTime:0.000051s ]
INFO: [ app_init ] --END-- [ RunTime:0.000812s ]
INFO: [ app_begin ] --START--
INFO: Run Behavior\ReadHtmlCacheBehavior [ RunTime:0.001200s ]
INFO: [ app_begin ] --END-- [ RunTime:0.001316s ]
SQL: SHOW COLUMNS FROM `js_trade_record` [ RunTime:0.0093s ]
SQL: SELECT * FROM `js_trade_record` WHERE ( tr_finish=0 )  [ RunTime:0.1413s ]
INFO: [ app_end ] --START--
INFO: Run Behavior\ShowPageTraceBehavior [ RunTime:0.000967s ]
INFO: [ app_end ] --END-- [ RunTime:0.001052s ]

[ 2017-05-06T21:20:52+08:00 ] 127.0.0.1 /index.php/Admin/Calculate/calculate.html
INFO: [ app_init ] --START--
INFO: Run Behavior\BuildLiteBehavior [ RunTime:0.000016s ]
INFO: [ app_init ] --END-- [ RunTime:0.000488s ]
INFO: [ app_begin ] --START--
INFO: Run Behavior\ReadHtmlCacheBehavior [ RunTime:0.000650s ]
INFO: [ app_begin ] --END-- [ RunTime:0.000709s ]
SQL: SHOW COLUMNS FROM `js_trade_record` [ RunTime:0.0095s ]
SQL: SELECT `trid`,`tr_finish` FROM `js_trade_record` WHERE ( tr_finish=0 )  [ RunTime:0.0006s ]
INFO: [ app_end ] --START--
INFO: Run Behavior\ShowPageTraceBehavior [ RunTime:0.000989s ]
INFO: [ app_end ] --END-- [ RunTime:0.001077s ]

[ 2017-05-06T21:21:55+08:00 ] 127.0.0.1 /index.php/Admin/Calculate/calculate.html
INFO: [ app_init ] --START--
INFO: Run Behavior\BuildLiteBehavior [ RunTime:0.000022s ]
INFO: [ app_init ] --END-- [ RunTime:0.000620s ]
INFO: [ app_begin ] --START--
INFO: Run Behavior\ReadHtmlCacheBehavior [ RunTime:0.000776s ]
INFO: [ app_begin ] --END-- [ RunTime:0.000860s ]
SQL: SHOW COLUMNS FROM `js_trade_record` [ RunTime:0.0073s ]
SQL: SELECT `trid`,`tr_finish` FROM `js_trade_record` WHERE `trid` = 1  [ RunTime:0.0005s ]
INFO: [ app_end ] --START--
INFO: Run Behavior\ShowPageTraceBehavior [ RunTime:0.000684s ]
INFO: [ app_end ] --END-- [ RunTime:0.000741s ]

[ 2017-05-06T21:21:56+08:00 ] 127.0.0.1 /index.php/Admin/Calculate/calculate.html
INFO: [ app_init ] --START--
INFO: Run Behavior\BuildLiteBehavior [ RunTime:0.000015s ]
INFO: [ app_init ] --END-- [ RunTime:0.000423s ]
INFO: [ app_begin ] --START--
INFO: Run Behavior\ReadHtmlCacheBehavior [ RunTime:0.000512s ]
INFO: [ app_begin ] --END-- [ RunTime:0.000567s ]
SQL: SHOW COLUMNS FROM `js_trade_record` [ RunTime:0.0105s ]
SQL: SELECT `trid`,`tr_finish` FROM `js_trade_record` WHERE `trid` = 1  [ RunTime:0.0005s ]
INFO: [ app_end ] --START--
INFO: Run Behavior\ShowPageTraceBehavior [ RunTime:0.000687s ]
INFO: [ app_end ] --END-- [ RunTime:0.000755s ]

[ 2017-05-06T21:26:44+08:00 ] 127.0.0.1 /index.php/Admin/Calculate/calculate.html
INFO: [ app_init ] --START--
INFO: Run Behavior\BuildLiteBehavior [ RunTime:0.000015s ]
INFO: [ app_init ] --END-- [ RunTime:0.000502s ]
INFO: [ app_begin ] --START--
INFO: Run Behavior\ReadHtmlCacheBehavior [ RunTime:0.000806s ]
INFO: [ app_begin ] --END-- [ RunTime:0.000884s ]
SQL: SHOW COLUMNS FROM `js_trade_record` [ RunTime:0.0145s ]
SQL: SELECT `trid`,`tr_finish` FROM `js_trade_record` WHERE `trid` = 1  [ RunTime:0.0006s ]
SQL: SELECT count(*) as count FROM `js_trade_record` WHERE `trid` = 1  [ RunTime:0.0004s ]
INFO: [ app_end ] --START--
INFO: Run Behavior\ShowPageTraceBehavior [ RunTime:0.000787s ]
INFO: [ app_end ] --END-- [ RunTime:0.000852s ]

[ 2017-05-06T21:28:51+08:00 ] 127.0.0.1 /index.php/Admin/Calculate/calculate.html
INFO: [ app_init ] --START--
INFO: Run Behavior\BuildLiteBehavior [ RunTime:0.000052s ]
INFO: [ app_init ] --END-- [ RunTime:0.001389s ]
INFO: [ app_begin ] --START--
INFO: Run Behavior\ReadHtmlCacheBehavior [ RunTime:0.000999s ]
INFO: [ app_begin ] --END-- [ RunTime:0.001104s ]
SQL: SHOW COLUMNS FROM `js_trade_record` [ RunTime:0.0104s ]
SQL: SELECT `trid`,`tr_finish` FROM `js_trade_record` WHERE `trid` = 1  [ RunTime:0.0007s ]
SQL: SELECT count(*) as count FROM `js_trade_record` WHERE ( tr_finish=0 )  [ RunTime:0.0004s ]
INFO: [ app_end ] --START--
INFO: Run Behavior\ShowPageTraceBehavior [ RunTime:0.000954s ]
INFO: [ app_end ] --END-- [ RunTime:0.001036s ]

[ 2017-05-06T21:28:53+08:00 ] 127.0.0.1 /index.php/Admin/Calculate/calculate.html
INFO: [ app_init ] --START--
INFO: Run Behavior\BuildLiteBehavior [ RunTime:0.000014s ]
INFO: [ app_init ] --END-- [ RunTime:0.000392s ]
INFO: [ app_begin ] --START--
INFO: Run Behavior\ReadHtmlCacheBehavior [ RunTime:0.000554s ]
INFO: [ app_begin ] --END-- [ RunTime:0.000611s ]
SQL: SHOW COLUMNS FROM `js_trade_record` [ RunTime:0.0115s ]
SQL: SELECT `trid`,`tr_finish` FROM `js_trade_record` WHERE `trid` = 1  [ RunTime:0.0007s ]
SQL: SELECT count(*) as count FROM `js_trade_record` WHERE ( tr_finish=0 )  [ RunTime:0.0004s ]
INFO: [ app_end ] --START--
INFO: Run Behavior\ShowPageTraceBehavior [ RunTime:0.000684s ]
INFO: [ app_end ] --END-- [ RunTime:0.000752s ]

[ 2017-05-06T21:28:53+08:00 ] 127.0.0.1 /index.php/Admin/Calculate/calculate.html
INFO: [ app_init ] --START--
INFO: Run Behavior\BuildLiteBehavior [ RunTime:0.000015s ]
INFO: [ app_init ] --END-- [ RunTime:0.000413s ]
INFO: [ app_begin ] --START--
INFO: Run Behavior\ReadHtmlCacheBehavior [ RunTime:0.000514s ]
INFO: [ app_begin ] --END-- [ RunTime:0.000573s ]
SQL: SHOW COLUMNS FROM `js_trade_record` [ RunTime:0.0095s ]
SQL: SELECT `trid`,`tr_finish` FROM `js_trade_record` WHERE `trid` = 1  [ RunTime:0.0005s ]
SQL: SELECT count(*) as count FROM `js_trade_record` WHERE ( tr_finish=0 )  [ RunTime:0.0004s ]
INFO: [ app_end ] --START--
INFO: Run Behavior\ShowPageTraceBehavior [ RunTime:0.001219s ]
INFO: [ app_end ] --END-- [ RunTime:0.001412s ]

[ 2017-05-06T21:28:54+08:00 ] 127.0.0.1 /index.php/Admin/Calculate/calculate.html
INFO: [ app_init ] --START--
INFO: Run Behavior\BuildLiteBehavior [ RunTime:0.000015s ]
INFO: [ app_init ] --END-- [ RunTime:0.000402s ]
INFO: [ app_begin ] --START--
INFO: Run Behavior\ReadHtmlCacheBehavior [ RunTime:0.000522s ]
INFO: [ app_begin ] --END-- [ RunTime:0.000593s ]
SQL: SHOW COLUMNS FROM `js_trade_record` [ RunTime:0.0119s ]
SQL: SELECT `trid`,`tr_finish` FROM `js_trade_record` WHERE `trid` = 1  [ RunTime:0.0004s ]
SQL: SELECT count(*) as count FROM `js_trade_record` WHERE ( tr_finish=0 )  [ RunTime:0.0003s ]
INFO: [ app_end ] --START--
INFO: Run Behavior\ShowPageTraceBehavior [ RunTime:0.000802s ]
INFO: [ app_end ] --END-- [ RunTime:0.000870s ]

[ 2017-05-06T21:28:54+08:00 ] 127.0.0.1 /index.php/Admin/Calculate/calculate.html
INFO: [ app_init ] --START--
INFO: Run Behavior\BuildLiteBehavior [ RunTime:0.000016s ]
INFO: [ app_init ] --END-- [ RunTime:0.000425s ]
INFO: [ app_begin ] --START--
INFO: Run Behavior\ReadHtmlCacheBehavior [ RunTime:0.000769s ]
INFO: [ app_begin ] --END-- [ RunTime:0.000844s ]
SQL: SHOW COLUMNS FROM `js_trade_record` [ RunTime:0.0105s ]
SQL: SELECT `trid`,`tr_finish` FROM `js_trade_record` WHERE `trid` = 1  [ RunTime:0.0004s ]
SQL: SELECT count(*) as count FROM `js_trade_record` WHERE ( tr_finish=0 )  [ RunTime:0.0004s ]
INFO: [ app_end ] --START--
INFO: Run Behavior\ShowPageTraceBehavior [ RunTime:0.000803s ]
INFO: [ app_end ] --END-- [ RunTime:0.000995s ]

[ 2017-05-06T21:28:55+08:00 ] 127.0.0.1 /index.php/Admin/Give/givemoney.html
INFO: [ app_init ] --START--
INFO: Run Behavior\BuildLiteBehavior [ RunTime:0.000022s ]
INFO: [ app_init ] --END-- [ RunTime:0.000627s ]
INFO: [ app_begin ] --START--
INFO: Run Behavior\ReadHtmlCacheBehavior [ RunTime:0.000880s ]
INFO: [ app_begin ] --END-- [ RunTime:0.000988s ]
SQL: SHOW COLUMNS FROM `js_ti_cash` [ RunTime:0.0083s ]
SQL: SELECT t1.*,t2.uid as uid FROM js_ti_cash as t1,js_user as t2 WHERE ( t1.uid=t2.uid and cash_state=2 )  [ RunTime:0.0006s ]
INFO: [ view_parse ] --START--
INFO: [ template_filter ] --START--
INFO: Run Behavior\ContentReplaceBehavior [ RunTime:0.000068s ]
INFO: [ template_filter ] --END-- [ RunTime:0.000136s ]
NOTIC: [8] Undefined variable: show D:\wamp\www\project\js\Application\Runtime\Cache\Admin\58ebc3552c74385372f7ff63f96d05c3.php 第 54 行.
INFO: Run Behavior\ParseTemplateBehavior [ RunTime:0.041891s ]
INFO: [ view_parse ] --END-- [ RunTime:0.041952s ]
INFO: [ view_filter ] --START--
INFO: Run Behavior\WriteHtmlCacheBehavior [ RunTime:0.000433s ]
INFO: [ view_filter ] --END-- [ RunTime:0.000484s ]
INFO: [ app_end ] --START--
INFO: Run Behavior\ShowPageTraceBehavior [ RunTime:0.000561s ]
INFO: [ app_end ] --END-- [ RunTime:0.000609s ]

[ 2017-05-06T21:28:57+08:00 ] 127.0.0.1 /index.php/Admin/Calculate/calculate.html
INFO: [ app_init ] --START--
INFO: Run Behavior\BuildLiteBehavior [ RunTime:0.000015s ]
INFO: [ app_init ] --END-- [ RunTime:0.000395s ]
INFO: [ app_begin ] --START--
INFO: Run Behavior\ReadHtmlCacheBehavior [ RunTime:0.000554s ]
INFO: [ app_begin ] --END-- [ RunTime:0.000609s ]
SQL: SHOW COLUMNS FROM `js_trade_record` [ RunTime:0.0095s ]
SQL: SELECT `trid`,`tr_finish` FROM `js_trade_record` WHERE `trid` = 1  [ RunTime:0.0004s ]
SQL: SELECT count(*) as count FROM `js_trade_record` WHERE ( tr_finish=0 )  [ RunTime:0.0004s ]
INFO: [ app_end ] --START--
INFO: Run Behavior\ShowPageTraceBehavior [ RunTime:0.000672s ]
INFO: [ app_end ] --END-- [ RunTime:0.000725s ]

[ 2017-05-06T21:29:33+08:00 ] 127.0.0.1 /index.php/Admin/Calculate/calculate.html
INFO: [ app_init ] --START--
INFO: Run Behavior\BuildLiteBehavior [ RunTime:0.000022s ]
INFO: [ app_init ] --END-- [ RunTime:0.000615s ]
INFO: [ app_begin ] --START--
INFO: Run Behavior\ReadHtmlCacheBehavior [ RunTime:0.001439s ]
INFO: [ app_begin ] --END-- [ RunTime:0.001557s ]
SQL: SHOW COLUMNS FROM `js_trade_record` [ RunTime:0.0124s ]
SQL: SELECT `trid`,`tr_finish` FROM `js_trade_record` WHERE `trid` IN ('1','2')  [ RunTime:0.0584s ]
SQL: SELECT count(*) as count FROM `js_trade_record` WHERE ( tr_finish=0 )  [ RunTime:0.0004s ]
INFO: [ app_end ] --START--
INFO: Run Behavior\ShowPageTraceBehavior [ RunTime:0.000904s ]
INFO: [ app_end ] --END-- [ RunTime:0.000982s ]

[ 2017-05-06T21:29:50+08:00 ] 127.0.0.1 /index.php/Admin/Calculate/calculate.html
INFO: [ app_init ] --START--
INFO: Run Behavior\BuildLiteBehavior [ RunTime:0.000025s ]
INFO: [ app_init ] --END-- [ RunTime:0.000503s ]
INFO: [ app_begin ] --START--
INFO: Run Behavior\ReadHtmlCacheBehavior [ RunTime:0.000923s ]
INFO: [ app_begin ] --END-- [ RunTime:0.001042s ]
SQL: SHOW COLUMNS FROM `js_trade_record` [ RunTime:0.0084s ]
SQL: SELECT `trid`,`tr_finish` FROM `js_trade_record` WHERE `trid` IN ('1','2')  [ RunTime:0.0005s ]
SQL: SELECT count(*) as count FROM `js_trade_record` WHERE `trid` IN ('1','2')  [ RunTime:0.0004s ]
INFO: [ app_end ] --START--
INFO: Run Behavior\ShowPageTraceBehavior [ RunTime:0.000770s ]
INFO: [ app_end ] --END-- [ RunTime:0.000834s ]

[ 2017-05-06T21:29:51+08:00 ] 127.0.0.1 /index.php/Admin/Calculate/calculate.html
INFO: [ app_init ] --START--
INFO: Run Behavior\BuildLiteBehavior [ RunTime:0.000015s ]
INFO: [ app_init ] --END-- [ RunTime:0.000421s ]
INFO: [ app_begin ] --START--
INFO: Run Behavior\ReadHtmlCacheBehavior [ RunTime:0.000755s ]
INFO: [ app_begin ] --END-- [ RunTime:0.000831s ]
SQL: SHOW COLUMNS FROM `js_trade_record` [ RunTime:0.0076s ]
SQL: SELECT `trid`,`tr_finish` FROM `js_trade_record` WHERE `trid` IN ('1','2')  [ RunTime:0.0006s ]
SQL: SELECT count(*) as count FROM `js_trade_record` WHERE `trid` IN ('1','2')  [ RunTime:0.0004s ]
INFO: [ app_end ] --START--
INFO: Run Behavior\ShowPageTraceBehavior [ RunTime:0.001011s ]
INFO: [ app_end ] --END-- [ RunTime:0.001115s ]

[ 2017-05-06T21:32:11+08:00 ] 127.0.0.1 /index.php/Admin/Calculate/calculate.html
INFO: [ app_init ] --START--
INFO: Run Behavior\BuildLiteBehavior [ RunTime:0.000029s ]
INFO: [ app_init ] --END-- [ RunTime:0.001102s ]
INFO: [ app_begin ] --START--
INFO: Run Behavior\ReadHtmlCacheBehavior [ RunTime:0.000997s ]
INFO: [ app_begin ] --END-- [ RunTime:0.001106s ]
SQL: SHOW COLUMNS FROM `js_trade_record` [ RunTime:0.0077s ]
SQL: SELECT `trid`,`tr_finish` FROM `js_trade_record` WHERE `trid` IN ('1','2')  [ RunTime:0.0006s ]
SQL: SELECT count(*) as count FROM `js_trade_record` WHERE `trid` IN ('1','2')  [ RunTime:0.0004s ]
INFO: [ app_end ] --START--
INFO: Run Behavior\ShowPageTraceBehavior [ RunTime:0.000819s ]
INFO: [ app_end ] --END-- [ RunTime:0.000873s ]

[ 2017-05-06T21:32:45+08:00 ] 127.0.0.1 /index.php/Admin/Calculate/calculate.html
INFO: [ app_init ] --START--
INFO: Run Behavior\BuildLiteBehavior [ RunTime:0.000023s ]
INFO: [ app_init ] --END-- [ RunTime:0.000563s ]
INFO: [ app_begin ] --START--
INFO: Run Behavior\ReadHtmlCacheBehavior [ RunTime:0.000564s ]
INFO: [ app_begin ] --END-- [ RunTime:0.000620s ]
SQL: SHOW COLUMNS FROM `js_trade_record` [ RunTime:0.0092s ]
SQL: SELECT `trid`,`tr_finish` FROM `js_trade_record` WHERE `trid` = 0  [ RunTime:0.0004s ]
SQL: SELECT count(*) as count FROM `js_trade_record` WHERE `trid` = 0  [ RunTime:0.0003s ]
INFO: [ app_end ] --START--
INFO: Run Behavior\ShowPageTraceBehavior [ RunTime:0.000794s ]
INFO: [ app_end ] --END-- [ RunTime:0.000863s ]

[ 2017-05-06T21:32:46+08:00 ] 127.0.0.1 /index.php/Admin/Calculate/calculate.html
INFO: [ app_init ] --START--
INFO: Run Behavior\BuildLiteBehavior [ RunTime:0.000019s ]
INFO: [ app_init ] --END-- [ RunTime:0.000477s ]
INFO: [ app_begin ] --START--
INFO: Run Behavior\ReadHtmlCacheBehavior [ RunTime:0.000805s ]
INFO: [ app_begin ] --END-- [ RunTime:0.000881s ]
SQL: SHOW COLUMNS FROM `js_trade_record` [ RunTime:0.0145s ]
SQL: SELECT `trid`,`tr_finish` FROM `js_trade_record` WHERE `trid` = 0  [ RunTime:0.0007s ]
SQL: SELECT count(*) as count FROM `js_trade_record` WHERE `trid` = 0  [ RunTime:0.0004s ]
INFO: [ app_end ] --START--
INFO: Run Behavior\ShowPageTraceBehavior [ RunTime:0.001665s ]
INFO: [ app_end ] --END-- [ RunTime:0.001762s ]

[ 2017-05-06T21:32:47+08:00 ] 127.0.0.1 /index.php/Admin/Calculate/calculate.html
INFO: [ app_init ] --START--
INFO: Run Behavior\BuildLiteBehavior [ RunTime:0.000021s ]
INFO: [ app_init ] --END-- [ RunTime:0.000847s ]
INFO: [ app_begin ] --START--
INFO: Run Behavior\ReadHtmlCacheBehavior [ RunTime:0.000761s ]
INFO: [ app_begin ] --END-- [ RunTime:0.000838s ]
SQL: SHOW COLUMNS FROM `js_trade_record` [ RunTime:0.0093s ]
SQL: SELECT `trid`,`tr_finish` FROM `js_trade_record` WHERE `trid` = 0  [ RunTime:0.0006s ]
SQL: SELECT count(*) as count FROM `js_trade_record` WHERE `trid` = 0  [ RunTime:0.0003s ]
INFO: [ app_end ] --START--
INFO: Run Behavior\ShowPageTraceBehavior [ RunTime:0.000678s ]
INFO: [ app_end ] --END-- [ RunTime:0.000731s ]

[ 2017-05-06T21:32:49+08:00 ] 127.0.0.1 /index.php/Admin/Calculate/calculate.html
INFO: [ app_init ] --START--
INFO: Run Behavior\BuildLiteBehavior [ RunTime:0.000019s ]
INFO: [ app_init ] --END-- [ RunTime:0.000714s ]
INFO: [ app_begin ] --START--
INFO: Run Behavior\ReadHtmlCacheBehavior [ RunTime:0.000637s ]
INFO: [ app_begin ] --END-- [ RunTime:0.000712s ]
SQL: SHOW COLUMNS FROM `js_trade_record` [ RunTime:0.0103s ]
SQL: SELECT `trid`,`tr_finish` FROM `js_trade_record` WHERE `trid` = 0  [ RunTime:0.0004s ]
SQL: SELECT count(*) as count FROM `js_trade_record` WHERE `trid` = 0  [ RunTime:0.0003s ]
INFO: [ app_end ] --START--
INFO: Run Behavior\ShowPageTraceBehavior [ RunTime:0.000710s ]
INFO: [ app_end ] --END-- [ RunTime:0.000776s ]

[ 2017-05-06T21:32:49+08:00 ] 127.0.0.1 /index.php/Admin/Give/givemoney.html
INFO: [ app_init ] --START--
INFO: Run Behavior\BuildLiteBehavior [ RunTime:0.000015s ]
INFO: [ app_init ] --END-- [ RunTime:0.000393s ]
INFO: [ app_begin ] --START--
INFO: Run Behavior\ReadHtmlCacheBehavior [ RunTime:0.000677s ]
INFO: [ app_begin ] --END-- [ RunTime:0.000754s ]
SQL: SHOW COLUMNS FROM `js_ti_cash` [ RunTime:0.0083s ]
SQL: SELECT t1.*,t2.uid as uid FROM js_ti_cash as t1,js_user as t2 WHERE ( t1.uid=t2.uid and cash_state=2 )  [ RunTime:0.0006s ]
INFO: [ view_parse ] --START--
INFO: [ template_filter ] --START--
INFO: Run Behavior\ContentReplaceBehavior [ RunTime:0.000067s ]
INFO: [ template_filter ] --END-- [ RunTime:0.000132s ]
NOTIC: [8] Undefined variable: show D:\wamp\www\project\js\Application\Runtime\Cache\Admin\58ebc3552c74385372f7ff63f96d05c3.php 第 54 行.
INFO: Run Behavior\ParseTemplateBehavior [ RunTime:0.009249s ]
INFO: [ view_parse ] --END-- [ RunTime:0.009312s ]
INFO: [ view_filter ] --START--
INFO: Run Behavior\WriteHtmlCacheBehavior [ RunTime:0.000393s ]
INFO: [ view_filter ] --END-- [ RunTime:0.000440s ]
INFO: [ app_end ] --START--
INFO: Run Behavior\ShowPageTraceBehavior [ RunTime:0.000529s ]
INFO: [ app_end ] --END-- [ RunTime:0.000574s ]

[ 2017-05-06T21:32:50+08:00 ] 127.0.0.1 /index.php/Admin/Calculate/calculate.html
INFO: [ app_init ] --START--
INFO: Run Behavior\BuildLiteBehavior [ RunTime:0.000024s ]
INFO: [ app_init ] --END-- [ RunTime:0.000451s ]
INFO: [ app_begin ] --START--
INFO: Run Behavior\ReadHtmlCacheBehavior [ RunTime:0.000751s ]
INFO: [ app_begin ] --END-- [ RunTime:0.000823s ]
SQL: SHOW COLUMNS FROM `js_trade_record` [ RunTime:0.0082s ]
SQL: SELECT `trid`,`tr_finish` FROM `js_trade_record` WHERE `trid` = 0  [ RunTime:0.0004s ]
SQL: SELECT count(*) as count FROM `js_trade_record` WHERE `trid` = 0  [ RunTime:0.0003s ]
INFO: [ app_end ] --START--
INFO: Run Behavior\ShowPageTraceBehavior [ RunTime:0.000707s ]
INFO: [ app_end ] --END-- [ RunTime:0.000761s ]

[ 2017-05-06T21:32:51+08:00 ] 127.0.0.1 /index.php/Admin/Calculate/calculate.html
INFO: [ app_init ] --START--
INFO: Run Behavior\BuildLiteBehavior [ RunTime:0.000023s ]
INFO: [ app_init ] --END-- [ RunTime:0.000672s ]
INFO: [ app_begin ] --START--
INFO: Run Behavior\ReadHtmlCacheBehavior [ RunTime:0.000561s ]
INFO: [ app_begin ] --END-- [ RunTime:0.000623s ]
SQL: SHOW COLUMNS FROM `js_trade_record` [ RunTime:0.0117s ]
SQL: SELECT `trid`,`tr_finish` FROM `js_trade_record` WHERE `trid` = 0  [ RunTime:0.0005s ]
SQL: SELECT count(*) as count FROM `js_trade_record` WHERE `trid` = 0  [ RunTime:0.0003s ]
INFO: [ app_end ] --START--
INFO: Run Behavior\ShowPageTraceBehavior [ RunTime:0.000696s ]
INFO: [ app_end ] --END-- [ RunTime:0.000752s ]

[ 2017-05-06T21:33:10+08:00 ] 127.0.0.1 /index.php/Admin/Calculate/calculate.html
INFO: [ app_init ] --START--
INFO: Run Behavior\BuildLiteBehavior [ RunTime:0.000019s ]
INFO: [ app_init ] --END-- [ RunTime:0.000441s ]
INFO: [ app_begin ] --START--
INFO: Run Behavior\ReadHtmlCacheBehavior [ RunTime:0.001019s ]
INFO: [ app_begin ] --END-- [ RunTime:0.001133s ]
SQL: SHOW COLUMNS FROM `js_trade_record` [ RunTime:0.0086s ]
SQL: SELECT `trid`,`tr_finish` FROM `js_trade_record` WHERE `trid` IN ('1','2')  [ RunTime:0.0005s ]
SQL: SELECT count(*) as count FROM `js_trade_record` WHERE `trid` IN ('1','2')  [ RunTime:0.0003s ]
INFO: [ app_end ] --START--
INFO: Run Behavior\ShowPageTraceBehavior [ RunTime:0.000687s ]
INFO: [ app_end ] --END-- [ RunTime:0.000742s ]

[ 2017-05-06T21:35:31+08:00 ] 127.0.0.1 /index.php/Admin/Calculate/calculate.html
INFO: [ app_init ] --START--
INFO: Run Behavior\BuildLiteBehavior [ RunTime:0.000022s ]
INFO: [ app_init ] --END-- [ RunTime:0.000646s ]
INFO: [ app_begin ] --START--
INFO: Run Behavior\ReadHtmlCacheBehavior [ RunTime:0.000991s ]
INFO: [ app_begin ] --END-- [ RunTime:0.001096s ]
SQL: SHOW COLUMNS FROM `js_trade_record` [ RunTime:0.0094s ]
SQL: SELECT `trid`,`tr_finish` FROM `js_trade_record` WHERE `trid` IN ('1','2')  [ RunTime:0.0006s ]
SQL: SELECT count(*) as count FROM `js_trade_record` WHERE `trid` IN ('1','2')  [ RunTime:0.0005s ]
NOTIC: [8] Use of undefined constant Y - assumed 'Y' D:\wamp\www\project\js\Application\Admin\Controller\CalculateController.class.php 第 21 行.
NOTIC: [8] Use of undefined constant Y - assumed 'Y' D:\wamp\www\project\js\Application\Admin\Controller\CalculateController.class.php 第 21 行.
INFO: [ app_end ] --START--
INFO: Run Behavior\ShowPageTraceBehavior [ RunTime:0.001043s ]
INFO: [ app_end ] --END-- [ RunTime:0.001116s ]

[ 2017-05-06T22:02:55+08:00 ] 127.0.0.1 /index.php/Admin/Back/back.html
INFO: [ app_init ] --START--
INFO: Run Behavior\BuildLiteBehavior [ RunTime:0.000016s ]
INFO: [ app_init ] --END-- [ RunTime:0.000471s ]
INFO: [ app_begin ] --START--
INFO: Run Behavior\ReadHtmlCacheBehavior [ RunTime:0.000630s ]
INFO: [ app_begin ] --END-- [ RunTime:0.000691s ]
SQL: SHOW COLUMNS FROM `js_trade_record` [ RunTime:0.0097s ]
SQL: SELECT t1.*,t2.uid as uid,t3.tname as tname FROM js_trade_record as t1,js_user as t2,js_team as t3 WHERE ( t1.uid=t2.uid and t1.tid=t3.tid and trade_type=2 and trade_state=0 )  [ RunTime:0.0008s ]
INFO: [ view_parse ] --START--
INFO: [ template_filter ] --START--
INFO: Run Behavior\ContentReplaceBehavior [ RunTime:0.000108s ]
INFO: [ template_filter ] --END-- [ RunTime:0.000231s ]
NOTIC: [8] Undefined variable: show D:\wamp\www\project\js\Application\Runtime\Cache\Admin\9da82b401e90e6d1120fc47ebb4d10f2.php 第 59 行.
INFO: Run Behavior\ParseTemplateBehavior [ RunTime:0.023742s ]
INFO: [ view_parse ] --END-- [ RunTime:0.023821s ]
INFO: [ view_filter ] --START--
INFO: Run Behavior\WriteHtmlCacheBehavior [ RunTime:0.000369s ]
INFO: [ view_filter ] --END-- [ RunTime:0.000416s ]
INFO: [ app_end ] --START--
INFO: Run Behavior\ShowPageTraceBehavior [ RunTime:0.000830s ]
INFO: [ app_end ] --END-- [ RunTime:0.000895s ]

[ 2017-05-06T22:03:03+08:00 ] 127.0.0.1 /index.php/Admin/Back/pass/id/2,3
INFO: [ app_init ] --START--
INFO: Run Behavior\BuildLiteBehavior [ RunTime:0.000039s ]
INFO: [ app_init ] --END-- [ RunTime:0.000636s ]
INFO: [ app_begin ] --START--
INFO: Run Behavior\ReadHtmlCacheBehavior [ RunTime:0.000836s ]
INFO: [ app_begin ] --END-- [ RunTime:0.000910s ]
SQL: SHOW COLUMNS FROM `js_trade_record` [ RunTime:0.0080s ]
SQL: SELECT `trid`,`trade_state` FROM `js_trade_record` WHERE `trid` IN ('2','3')  [ RunTime:0.0005s ]
SQL: SELECT count(*) as count FROM `js_trade_record` WHERE `trid` IN ('2','3')  [ RunTime:0.0004s ]
SQL: UPDATE `js_trade_record` SET `trade_state`='1' WHERE `trid` = 2 [ RunTime:0.0389s ]
SQL: UPDATE `js_trade_record` SET `trade_state`='1' WHERE `trid` = 3 [ RunTime:0.0016s ]
INFO: [ app_end ] --START--
INFO: Run Behavior\ShowPageTraceBehavior [ RunTime:0.000838s ]
INFO: [ app_end ] --END-- [ RunTime:0.000923s ]

[ 2017-05-06T22:03:08+08:00 ] 127.0.0.1 /index.php/Admin/Back/back
INFO: [ app_init ] --START--
INFO: Run Behavior\BuildLiteBehavior [ RunTime:0.000023s ]
INFO: [ app_init ] --END-- [ RunTime:0.000678s ]
INFO: [ app_begin ] --START--
INFO: Run Behavior\ReadHtmlCacheBehavior [ RunTime:0.000693s ]
INFO: [ app_begin ] --END-- [ RunTime:0.000768s ]
SQL: SHOW COLUMNS FROM `js_trade_record` [ RunTime:0.0099s ]
SQL: SELECT t1.*,t2.uid as uid,t3.tname as tname FROM js_trade_record as t1,js_user as t2,js_team as t3 WHERE ( t1.uid=t2.uid and t1.tid=t3.tid and trade_type=2 and trade_state=0 )  [ RunTime:0.0007s ]
INFO: [ view_parse ] --START--
INFO: [ template_filter ] --START--
INFO: Run Behavior\ContentReplaceBehavior [ RunTime:0.000100s ]
INFO: [ template_filter ] --END-- [ RunTime:0.000208s ]
NOTIC: [8] Undefined variable: show D:\wamp\www\project\js\Application\Runtime\Cache\Admin\9da82b401e90e6d1120fc47ebb4d10f2.php 第 59 行.
INFO: Run Behavior\ParseTemplateBehavior [ RunTime:0.012507s ]
INFO: [ view_parse ] --END-- [ RunTime:0.012604s ]
INFO: [ view_filter ] --START--
INFO: Run Behavior\WriteHtmlCacheBehavior [ RunTime:0.000467s ]
INFO: [ view_filter ] --END-- [ RunTime:0.000542s ]
INFO: [ app_end ] --START--
INFO: Run Behavior\ShowPageTraceBehavior [ RunTime:0.000656s ]
INFO: [ app_end ] --END-- [ RunTime:0.000706s ]

[ 2017-05-06T22:03:10+08:00 ] 127.0.0.1 /index.php/Admin/Ticash/ticash.html
INFO: [ app_init ] --START--
INFO: Run Behavior\BuildLiteBehavior [ RunTime:0.000021s ]
INFO: [ app_init ] --END-- [ RunTime:0.000587s ]
INFO: [ app_begin ] --START--
INFO: Run Behavior\ReadHtmlCacheBehavior [ RunTime:0.000550s ]
INFO: [ app_begin ] --END-- [ RunTime:0.000621s ]
SQL: SHOW COLUMNS FROM `js_ti_cash` [ RunTime:0.0074s ]
SQL: SELECT t1.*,t2.uid as uid FROM js_ti_cash as t1,js_user as t2 WHERE ( t1.uid=t2.uid and cash_state=1 )  [ RunTime:0.0005s ]
INFO: [ view_parse ] --START--
INFO: [ template_filter ] --START--
INFO: Run Behavior\ContentReplaceBehavior [ RunTime:0.000101s ]
INFO: [ template_filter ] --END-- [ RunTime:0.000185s ]
NOTIC: [8] Undefined variable: show D:\wamp\www\project\js\Application\Runtime\Cache\Admin\f0e651f8021e200d9e49bf2790e61586.php 第 55 行.
INFO: Run Behavior\ParseTemplateBehavior [ RunTime:0.048208s ]
INFO: [ view_parse ] --END-- [ RunTime:0.048385s ]
INFO: [ view_filter ] --START--
INFO: Run Behavior\WriteHtmlCacheBehavior [ RunTime:0.000617s ]
INFO: [ view_filter ] --END-- [ RunTime:0.000725s ]
INFO: [ app_end ] --START--
INFO: Run Behavior\ShowPageTraceBehavior [ RunTime:0.000777s ]
INFO: [ app_end ] --END-- [ RunTime:0.000858s ]

[ 2017-05-06T22:11:11+08:00 ] 127.0.0.1 /index.php/Admin/Calculate/calculate.html
INFO: [ app_init ] --START--
INFO: Run Behavior\BuildLiteBehavior [ RunTime:0.000044s ]
INFO: [ app_init ] --END-- [ RunTime:0.000811s ]
INFO: [ app_begin ] --START--
INFO: Run Behavior\ReadHtmlCacheBehavior [ RunTime:0.001141s ]
INFO: [ app_begin ] --END-- [ RunTime:0.001270s ]
SQL: SHOW COLUMNS FROM `js_trade_record` [ RunTime:0.0076s ]
SQL: SELECT `trid`,`tr_finish` FROM `js_trade_record` WHERE `trid` IN ('1','2')  [ RunTime:0.0007s ]
SQL: SELECT count(*) as count FROM `js_trade_record` WHERE `trid` IN ('1','2')  [ RunTime:0.0005s ]
NOTIC: [8] Use of undefined constant Y - assumed 'Y' D:\wamp\www\project\js\Application\Admin\Controller\CalculateController.class.php 第 21 行.
NOTIC: [8] Use of undefined constant Y - assumed 'Y' D:\wamp\www\project\js\Application\Admin\Controller\CalculateController.class.php 第 21 行.
INFO: [ app_end ] --START--
INFO: Run Behavior\ShowPageTraceBehavior [ RunTime:0.001086s ]
INFO: [ app_end ] --END-- [ RunTime:0.001185s ]

